00000                 | 
00000                 | #line 1 "D:/programowanie/20211226-P2-retromachine/Propeller/audio004.p2asm"
00000                 | con
00000                 | 	left = 14
00000                 | '     right=15
00000                 | 	right = 15
00000                 | ' 
00000                 | '     freql=440
00000                 | 	freql = 440
00000                 | '     freqr=440
00000                 | 	freqr = 440
00000                 | '     volume=16384
00000                 | 	volume = 16384
00000                 | 	_clkfreq = 319220550
00000                 | dat
00000 000 00 00 00 00 | 	nop
00004 001 01 EC 63 FD | 	cogid	pa
00008 002 02 00 00 FF 
0000c 003 04 EC E7 FC | 	coginit	pa,##$404
00010                 | 	orgh	$10
00010     00 00 00 00 | 	long	0	'reserved
00014     00 00 00 00 | 	long	0 ' clock frequency: will default to 319215798
00018     00 00 00 00 | 	long	0 ' clock mode: will default to $1cb2dfb
0001c     00 00 00 00 
      ...             
003f8     00 00 00 00 
003fc     00 00 00 00 | 	orgh	$400
00400     00 5E 05 06 |  _ret_	mov	result1, #0
00404 000             | 	org	0
00404 000             | entry
00404 000 00 F0 0F F2 | 	cmp	ptra, #0 wz
00408 001 0C 02 90 5D |  if_ne	jmp	#spininit
0040c 002 AD F0 03 F6 | 	mov	ptra, objptr
00410 003 00 F0 07 F1 | 	add	ptra, #0
00414 004 14 EC 0F FB | 	rdlong	pa, #20 wz
00418 005 E8 01 90 5D |  if_ne	jmp	#skip_clock_set_
0041c 006 00 00 64 FD | 	hubset	#0
00420 007 96 E5 80 FF 
00424 008 00 F0 67 FD | 	hubset	##30092792
00428 009 86 01 80 FF 
0042c 00a 1F 80 66 FD | 	waitx	##200000
00430 00b 96 E5 00 FF 
00434 00c FB ED 07 F6 | 	mov	pa, ##30092795
00438 00d 00 EC 63 FD | 	hubset	pa
0043c 00e 18 EC 67 FC | 	wrlong	pa, #24
00440 00f 6C 83 89 FF 
00444 010 14 6C 6D FC | 	wrlong	##319215798, #20
00448 011 B8 01 90 FD | 	jmp	#skip_clock_set_
0044c 012 00 00 00 00 
      ...             
005fc 07e 00 00 00 00 
00600 07f 00 00 00 00 | 	orgf	128
00604 080             | skip_clock_set_
00604 080 C4 06 A0 FD | 	call	#_test
00608 081             | cogexit
00608 081 38 01 80 FF 
0060c 082 1F 00 66 FD | 	waitx	##160000
00610 083 01 60 61 FD | 	cogid	arg01
00614 084 03 60 61 FD | 	cogstop	arg01
00618 085             | spininit
00618 085 00 5B 05 FB | 	rdlong	objptr, ptra
0061c 086 04 F0 07 F1 | 	add	ptra, #4
00620 087 00 5F 05 FB | 	rdlong	result1, ptra
00624 088 04 F0 07 F1 | 	add	ptra, #4
00628 089 00 61 05 FB | 	rdlong	arg01, ptra
0062c 08a 04 F0 07 F1 | 	add	ptra, #4
00630 08b 00 63 05 FB | 	rdlong	arg02, ptra
00634 08c 04 F0 07 F1 | 	add	ptra, #4
00638 08d 00 65 05 FB | 	rdlong	arg03, ptra
0063c 08e 04 F0 07 F1 | 	add	ptra, #4
00640 08f 00 67 05 FB | 	rdlong	arg04, ptra
00644 090 10 F0 87 F1 | 	sub	ptra, #16
00648 091 2D 5E 61 FD | 	call	result1
0064c 092 B8 FF 9F FD | 	jmp	#cogexit
00650 093             | FCACHE_LOAD_
00650 093 2B 3E 61 FD |     pop	fcache_tmpb_
00654 094 F6 3F 01 F1 |     add	fcache_tmpb_, pa
00658 095 2A 3E 61 FD |     push	fcache_tmpb_
0065c 096 F6 3F 81 F1 |     sub	fcache_tmpb_, pa
00660 097 02 EC 47 F0 |     shr	pa, #2
00664 098 00 EC 8F F9 |     altd	pa
00668 099 9E 00 00 F6 |     mov	 0-0, ret_instr_
0066c 09a 01 EC 87 F1 |     sub	pa, #1
00670 09b 28 EC 63 FD |     setq	pa
00674 09c 9F 00 00 FB |     rdlong	$0, fcache_tmpb_
00678 09d 00 00 80 FD |     jmp	#\$0 ' jmp to cache
0067c 09e             | ret_instr_
0067c 09e 2D 00 64 FD |     ret
00680 09f             | fcache_tmpb_
00680 09f 00 00 00 00 |     long 0
00684 0a0             | builtin_bytefill_
00684 0a0 01 64 55 F0 |         shr	arg03, #1 wc
00688 0a1 B0 62 41 CC |  if_c   wrbyte	arg02, arg01
0068c 0a2 01 60 05 C1 |  if_c   add	arg01, #1
00690 0a3 00 62 FD F9 |         movbyts	arg02, #0
00694 0a4             | builtin_wordfill_
00694 0a4 01 64 55 F0 |         shr	arg03, #1 wc
00698 0a5 B0 62 51 CC |  if_c   wrword	arg02, arg01
0069c 0a6 02 60 05 C1 |  if_c   add	arg01, #2
006a0 0a7 B1 62 29 F9 |         setword	arg02, arg02, #1
006a4 0a8             | builtin_longfill_
006a4 0a8 B0 00 88 FC |         wrfast	#0,arg01
006a8 0a9 00 64 0D F2 |         cmp	arg03, #0 wz
006ac 0aa B2 02 D8 5C |  if_nz  rep	#1, arg03
006b0 0ab 17 62 61 5D |  if_nz  wflong	arg02
006b4 0ac 2D 00 64 FD |         ret
006b8 0ad             | 
006b8 0ad             | objptr
006b8 0ad 84 0F 00 00 | 	long	@objmem
006bc 0ae             | ptr__dat__
006bc 0ae F0 06 00 00 | 	long	@_dat_
006c0 0af             | result1
006c0 0af 00 00 00 00 | 	long	0
006c4 0b0             | COG_BSS_START
006c4 0b0             | 	fit	480
006c4                 | 	orgh
006c4                 | hubentry
006c4                 | 
006c4                 | ' 
006c4                 | ' pub test
006c4                 | _test
006c4                 | ' 
006c4                 | ' coginit(16,@audiodriver,@sinewave)
006c4     AE 62 01 F6 | 	mov	arg02, ptr__dat__
006c8     84 5C 05 F1 | 	add	ptr__dat__, #132
006cc     AE 64 01 F6 | 	mov	arg03, ptr__dat__
006d0     84 5C 85 F1 | 	sub	ptr__dat__, #132
006d4     10 60 05 F6 | 	mov	arg01, #16
006d8     28 64 61 FD | 	setq	arg03
006dc     B1 60 F1 FC | 	coginit	arg01, arg02 wc
006e0     01 60 65 C6 |  if_b	neg	arg01, #1
006e4     B0 5E 01 F6 | 	mov	result1, arg01
006e8                 | _test_ret
006e8     2D 00 64 FD | 	ret
006ec                 | hubexit
006ec     81 00 80 FD | 	jmp	#cogexit
006f0                 | 	alignl
006f0                 | _dat_
006f0                 | 
006f0                 | audiodriver
006f0                 | 
006f0                 |         
006f0                 |         org
006f0 000             |         
006f0 000 0E 40 04 FC |         wrpin   dac,#left
006f4 001 0E 00 1E FC |         wxpin   #256,#left
006f8 002             | 
006f8 002 0F 40 04 FC |         wrpin   dac,#right
006fc 003 0F 00 1E FC |         wxpin   #256,#right
00700 004             | 
00700 004 41 9C 64 FD |         dirh    #left addpins 1
00704 005             | 
00704 005 20 9C 64 FD |         setse1  #%001<<6 + left
00708 006             |         
00708 006 F8 3D 00 F6 |         mov start,ptra
0070c 007 10 3C 04 F1 |         add start,#16
00710 008             |         
00710 008             |         
00710 008 40 00 00 FF 
00714 009 00 32 04 F1 | .loop   add     p1,##$8000           'calculate right sample
00718 00a FF FF 03 FF 
0071c 00b FF 33 04 F5 |         and p1,##$7FFFFFF
00720 00c 19 3A 00 F6 |         mov p12,p1
00724 00d 10 3A 44 F0 |         shr p12,#16
00728 00e 1E 3A 00 F1 |         add p12,start
0072c 00f             | 
0072c 00f 1D 30 E0 FA |         rdword x,p12
00730 010 0E 30 24 FC |         wypin   x,#left
00734 011             | 
00734 011 1C 34 00 F1 |         add     p2,f2           'calculate left sample
00738 012 1A 3E 40 FD |         qrotate amp,p2
0073c 013 18 30 60 FD |         getqx   x
00740 014 0F 30 E4 F4 |         bitnot  x,#15
00744 015 0F 30 24 FC |         wypin   x,#right
00748 016             | 
00748 016 24 28 60 FD |         waitse1                 'wait for new period
0074c 017             | 
0074c 017 C0 FF 9F FD |         jmp     #.loop          'loop
00750 018             | 
00750 018             | 
00750 018             | 
00750 018 00 00 00 00 | x       long    0
00754 019             | 
00754 019 00 00 00 00 | p1      long    0
00758 01a 00 00 00 00 | p2      long    0
0075c 01b             | 
0075c 01b 17 20 17 00 | f1      long    round(freql * 65536.0 * 65536.0 * 256.0 / float(clkfreq_))
00760 01c 17 20 17 00 | f2      long    round(freqr * 65536.0 * 65536.0 * 256.0 / float(clkfreq_))
00764 01d 00 00 00 00 | p12 long 0
00768 01e 00 00 00 00 | start long 0
0076c 01f             | 
0076c 01f 00 40 00 00 | amp     long    volume
00770 020             | 
00770 020             | 'dac    long    %10111_00000000_01_00010_0      'random dither (noisier, needs no period)
00770 020 46 00 17 00 | dac     long    %10111_00000000_01_00011_0      'pwm (quieter, needs 256N period)    
00774 021             | 
00774 021 73 32 00 04 
00778 022 00 00 10 00 
0077c 023 00 00 00 00 
00780 024 00 00 00 00 | sinewave file "C:\s\sinus.s2"
00784 025 00 00 C9 00 
00788 026 92 01 5B 02 
0078c 027 24 03 ED 03 
00790 028 B6 04 7F 05 | 	byte	$00, $00, $c9, $00, $92, $01, $5b, $02, $24, $03, $ed, $03, $b6, $04, $7f, $05
00794 029 48 06 11 07 
00798 02a D9 07 A2 08 
0079c 02b 6A 09 33 0A 
007a0 02c FB 0A C4 0B | 	byte	$48, $06, $11, $07, $d9, $07, $a2, $08, $6a, $09, $33, $0a, $fb, $0a, $c4, $0b
007a4 02d 8C 0C 54 0D 
007a8 02e 1C 0E E3 0E 
007ac 02f AB 0F 72 10 
007b0 030 3A 11 01 12 | 	byte	$8c, $0c, $54, $0d, $1c, $0e, $e3, $0e, $ab, $0f, $72, $10, $3a, $11, $01, $12
007b4 031 C8 12 8F 13 
007b8 032 55 14 1C 15 
007bc 033 E2 15 A8 16 
007c0 034 6E 17 33 18 | 	byte	$c8, $12, $8f, $13, $55, $14, $1c, $15, $e2, $15, $a8, $16, $6e, $17, $33, $18
007c4 035 F9 18 BE 19 
007c8 036 82 1A 47 1B 
007cc 037 0B 1C CF 1C 
007d0 038 93 1D 57 1E | 	byte	$f9, $18, $be, $19, $82, $1a, $47, $1b, $0b, $1c, $cf, $1c, $93, $1d, $57, $1e
007d4 039 1A 1F DD 1F 
007d8 03a 9F 20 61 21 
007dc 03b 23 22 E5 22 
007e0 03c A6 23 67 24 | 	byte	$1a, $1f, $dd, $1f, $9f, $20, $61, $21, $23, $22, $e5, $22, $a6, $23, $67, $24
007e4 03d 28 25 E8 25 
007e8 03e A8 26 67 27 
007ec 03f 26 28 E5 28 
007f0 040 A3 29 61 2A | 	byte	$28, $25, $e8, $25, $a8, $26, $67, $27, $26, $28, $e5, $28, $a3, $29, $61, $2a
007f4 041 1F 2B DC 2B 
007f8 042 99 2C 55 2D 
007fc 043 11 2E CC 2E 
00800 044 87 2F 41 30 | 	byte	$1f, $2b, $dc, $2b, $99, $2c, $55, $2d, $11, $2e, $cc, $2e, $87, $2f, $41, $30
00804 045 FB 30 B5 31 
00808 046 6E 32 26 33 
0080c 047 DF 33 96 34 
00810 048 4D 35 04 36 | 	byte	$fb, $30, $b5, $31, $6e, $32, $26, $33, $df, $33, $96, $34, $4d, $35, $04, $36
00814 049 BA 36 6F 37 
00818 04a 24 38 D9 38 
0081c 04b 8C 39 40 3A 
00820 04c F2 3A A5 3B | 	byte	$ba, $36, $6f, $37, $24, $38, $d9, $38, $8c, $39, $40, $3a, $f2, $3a, $a5, $3b
00824 04d 56 3C 07 3D 
00828 04e B8 3D 68 3E 
0082c 04f 17 3F C5 3F 
00830 050 73 40 21 41 | 	byte	$56, $3c, $07, $3d, $b8, $3d, $68, $3e, $17, $3f, $c5, $3f, $73, $40, $21, $41
00834 051 CE 41 7A 42 
00838 052 25 43 D0 43 
0083c 053 7A 44 24 45 
00840 054 CD 45 75 46 | 	byte	$ce, $41, $7a, $42, $25, $43, $d0, $43, $7a, $44, $24, $45, $cd, $45, $75, $46
00844 055 1C 47 C3 47 
00848 056 69 48 0F 49 
0084c 057 B4 49 58 4A 
00850 058 FB 4A 9D 4B | 	byte	$1c, $47, $c3, $47, $69, $48, $0f, $49, $b4, $49, $58, $4a, $fb, $4a, $9d, $4b
00854 059 3F 4C E0 4C 
00858 05a 81 4D 20 4E 
0085c 05b BF 4E 5D 4F 
00860 05c FB 4F 97 50 | 	byte	$3f, $4c, $e0, $4c, $81, $4d, $20, $4e, $bf, $4e, $5d, $4f, $fb, $4f, $97, $50
00864 05d 33 51 CE 51 
00868 05e 68 52 02 53 
0086c 05f 9B 53 32 54 
00870 060 C9 54 60 55 | 	byte	$33, $51, $ce, $51, $68, $52, $02, $53, $9b, $53, $32, $54, $c9, $54, $60, $55
00874 061 F5 55 8A 56 
00878 062 1D 57 B0 57 
0087c 063 42 58 D3 58 
00880 064 64 59 F3 59 | 	byte	$f5, $55, $8a, $56, $1d, $57, $b0, $57, $42, $58, $d3, $58, $64, $59, $f3, $59
00884 065 82 5A 0F 5B 
00888 066 9C 5B 28 5C 
0088c 067 B3 5C 3E 5D 
00890 068 C7 5D 4F 5E | 	byte	$82, $5a, $0f, $5b, $9c, $5b, $28, $5c, $b3, $5c, $3e, $5d, $c7, $5d, $4f, $5e
00894 069 D7 5E 5D 5F 
00898 06a E3 5F 68 60 
0089c 06b EB 60 6E 61 
008a0 06c F0 61 71 62 | 	byte	$d7, $5e, $5d, $5f, $e3, $5f, $68, $60, $eb, $60, $6e, $61, $f0, $61, $71, $62
008a4 06d F1 62 70 63 
008a8 06e EE 63 6C 64 
008ac 06f E8 64 63 65 
008b0 070 DD 65 56 66 | 	byte	$f1, $62, $70, $63, $ee, $63, $6c, $64, $e8, $64, $63, $65, $dd, $65, $56, $66
008b4 071 CF 66 46 67 
008b8 072 BC 67 32 68 
008bc 073 A6 68 19 69 
008c0 074 8B 69 FD 69 | 	byte	$cf, $66, $46, $67, $bc, $67, $32, $68, $a6, $68, $19, $69, $8b, $69, $fd, $69
008c4 075 6D 6A DC 6A 
008c8 076 4A 6B B7 6B 
008cc 077 23 6C 8E 6C 
008d0 078 F8 6C 61 6D | 	byte	$6d, $6a, $dc, $6a, $4a, $6b, $b7, $6b, $23, $6c, $8e, $6c, $f8, $6c, $61, $6d
008d4 079 C9 6D 30 6E 
008d8 07a 96 6E FB 6E 
008dc 07b 5E 6F C1 6F 
008e0 07c 22 70 83 70 | 	byte	$c9, $6d, $30, $6e, $96, $6e, $fb, $6e, $5e, $6f, $c1, $6f, $22, $70, $83, $70
008e4 07d E2 70 40 71 
008e8 07e 9D 71 F9 71 
008ec 07f 54 72 AE 72 
008f0 080 07 73 5E 73 | 	byte	$e2, $70, $40, $71, $9d, $71, $f9, $71, $54, $72, $ae, $72, $07, $73, $5e, $73
008f4 081 B5 73 0A 74 
008f8 082 5F 74 B2 74 
008fc 083 04 75 55 75 
00900 084 A5 75 F3 75 | 	byte	$b5, $73, $0a, $74, $5f, $74, $b2, $74, $04, $75, $55, $75, $a5, $75, $f3, $75
00904 085 41 76 8D 76 
00908 086 D8 76 22 77 
0090c 087 6B 77 B3 77 
00910 088 FA 77 3F 78 | 	byte	$41, $76, $8d, $76, $d8, $76, $22, $77, $6b, $77, $b3, $77, $fa, $77, $3f, $78
00914 089 84 78 C7 78 
00918 08a 09 79 4A 79 
0091c 08b 89 79 C8 79 
00920 08c 05 7A 41 7A | 	byte	$84, $78, $c7, $78, $09, $79, $4a, $79, $89, $79, $c8, $79, $05, $7a, $41, $7a
00924 08d 7C 7A B6 7A 
00928 08e EE 7A 26 7B 
0092c 08f 5C 7B 91 7B 
00930 090 C5 7B F8 7B | 	byte	$7c, $7a, $b6, $7a, $ee, $7a, $26, $7b, $5c, $7b, $91, $7b, $c5, $7b, $f8, $7b
00934 091 29 7C 59 7C 
00938 092 88 7C B6 7C 
0093c 093 E3 7C 0E 7D 
00940 094 39 7D 62 7D | 	byte	$29, $7c, $59, $7c, $88, $7c, $b6, $7c, $e3, $7c, $0e, $7d, $39, $7d, $62, $7d
00944 095 89 7D B0 7D 
00948 096 D5 7D FA 7D 
0094c 097 1D 7E 3E 7E 
00950 098 5F 7E 7E 7E | 	byte	$89, $7d, $b0, $7d, $d5, $7d, $fa, $7d, $1d, $7e, $3e, $7e, $5f, $7e, $7e, $7e
00954 099 9C 7E B9 7E 
00958 09a D5 7E EF 7E 
0095c 09b 09 7F 21 7F 
00960 09c 37 7F 4D 7F | 	byte	$9c, $7e, $b9, $7e, $d5, $7e, $ef, $7e, $09, $7f, $21, $7f, $37, $7f, $4d, $7f
00964 09d 61 7F 74 7F 
00968 09e 86 7F 97 7F 
0096c 09f A6 7F B4 7F 
00970 0a0 C1 7F CD 7F | 	byte	$61, $7f, $74, $7f, $86, $7f, $97, $7f, $a6, $7f, $b4, $7f, $c1, $7f, $cd, $7f
00974 0a1 D8 7F E1 7F 
00978 0a2 E9 7F F0 7F 
0097c 0a3 F5 7F F9 7F 
00980 0a4 FD 7F FE 7F | 	byte	$d8, $7f, $e1, $7f, $e9, $7f, $f0, $7f, $f5, $7f, $f9, $7f, $fd, $7f, $fe, $7f
00984 0a5 FF 7F FE 7F 
00988 0a6 FD 7F F9 7F 
0098c 0a7 F5 7F F0 7F 
00990 0a8 E9 7F E1 7F | 	byte	$ff, $7f, $fe, $7f, $fd, $7f, $f9, $7f, $f5, $7f, $f0, $7f, $e9, $7f, $e1, $7f
00994 0a9 D8 7F CD 7F 
00998 0aa C1 7F B4 7F 
0099c 0ab A6 7F 97 7F 
009a0 0ac 86 7F 74 7F | 	byte	$d8, $7f, $cd, $7f, $c1, $7f, $b4, $7f, $a6, $7f, $97, $7f, $86, $7f, $74, $7f
009a4 0ad 61 7F 4D 7F 
009a8 0ae 37 7F 21 7F 
009ac 0af 09 7F EF 7E 
009b0 0b0 D5 7E B9 7E | 	byte	$61, $7f, $4d, $7f, $37, $7f, $21, $7f, $09, $7f, $ef, $7e, $d5, $7e, $b9, $7e
009b4 0b1 9C 7E 7E 7E 
009b8 0b2 5F 7E 3E 7E 
009bc 0b3 1D 7E FA 7D 
009c0 0b4 D5 7D B0 7D | 	byte	$9c, $7e, $7e, $7e, $5f, $7e, $3e, $7e, $1d, $7e, $fa, $7d, $d5, $7d, $b0, $7d
009c4 0b5 89 7D 62 7D 
009c8 0b6 39 7D 0E 7D 
009cc 0b7 E3 7C B6 7C 
009d0 0b8 88 7C 59 7C | 	byte	$89, $7d, $62, $7d, $39, $7d, $0e, $7d, $e3, $7c, $b6, $7c, $88, $7c, $59, $7c
009d4 0b9 29 7C F8 7B 
009d8 0ba C5 7B 91 7B 
009dc 0bb 5C 7B 26 7B 
009e0 0bc EE 7A B6 7A | 	byte	$29, $7c, $f8, $7b, $c5, $7b, $91, $7b, $5c, $7b, $26, $7b, $ee, $7a, $b6, $7a
009e4 0bd 7C 7A 41 7A 
009e8 0be 05 7A C8 79 
009ec 0bf 89 79 4A 79 
009f0 0c0 09 79 C7 78 | 	byte	$7c, $7a, $41, $7a, $05, $7a, $c8, $79, $89, $79, $4a, $79, $09, $79, $c7, $78
009f4 0c1 84 78 3F 78 
009f8 0c2 FA 77 B3 77 
009fc 0c3 6B 77 22 77 
00a00 0c4 D8 76 8D 76 | 	byte	$84, $78, $3f, $78, $fa, $77, $b3, $77, $6b, $77, $22, $77, $d8, $76, $8d, $76
00a04 0c5 41 76 F3 75 
00a08 0c6 A5 75 55 75 
00a0c 0c7 04 75 B2 74 
00a10 0c8 5F 74 0A 74 | 	byte	$41, $76, $f3, $75, $a5, $75, $55, $75, $04, $75, $b2, $74, $5f, $74, $0a, $74
00a14 0c9 B5 73 5E 73 
00a18 0ca 07 73 AE 72 
00a1c 0cb 54 72 F9 71 
00a20 0cc 9D 71 40 71 | 	byte	$b5, $73, $5e, $73, $07, $73, $ae, $72, $54, $72, $f9, $71, $9d, $71, $40, $71
00a24 0cd E2 70 83 70 
00a28 0ce 22 70 C1 6F 
00a2c 0cf 5E 6F FB 6E 
00a30 0d0 96 6E 30 6E | 	byte	$e2, $70, $83, $70, $22, $70, $c1, $6f, $5e, $6f, $fb, $6e, $96, $6e, $30, $6e
00a34 0d1 C9 6D 61 6D 
00a38 0d2 F8 6C 8E 6C 
00a3c 0d3 23 6C B7 6B 
00a40 0d4 4A 6B DC 6A | 	byte	$c9, $6d, $61, $6d, $f8, $6c, $8e, $6c, $23, $6c, $b7, $6b, $4a, $6b, $dc, $6a
00a44 0d5 6D 6A FD 69 
00a48 0d6 8B 69 19 69 
00a4c 0d7 A6 68 32 68 
00a50 0d8 BC 67 46 67 | 	byte	$6d, $6a, $fd, $69, $8b, $69, $19, $69, $a6, $68, $32, $68, $bc, $67, $46, $67
00a54 0d9 CF 66 56 66 
00a58 0da DD 65 63 65 
00a5c 0db E8 64 6C 64 
00a60 0dc EE 63 70 63 | 	byte	$cf, $66, $56, $66, $dd, $65, $63, $65, $e8, $64, $6c, $64, $ee, $63, $70, $63
00a64 0dd F1 62 71 62 
00a68 0de F0 61 6E 61 
00a6c 0df EB 60 68 60 
00a70 0e0 E3 5F 5D 5F | 	byte	$f1, $62, $71, $62, $f0, $61, $6e, $61, $eb, $60, $68, $60, $e3, $5f, $5d, $5f
00a74 0e1 D7 5E 4F 5E 
00a78 0e2 C7 5D 3E 5D 
00a7c 0e3 B3 5C 28 5C 
00a80 0e4 9C 5B 0F 5B | 	byte	$d7, $5e, $4f, $5e, $c7, $5d, $3e, $5d, $b3, $5c, $28, $5c, $9c, $5b, $0f, $5b
00a84 0e5 82 5A F3 59 
00a88 0e6 64 59 D3 58 
00a8c 0e7 42 58 B0 57 
00a90 0e8 1D 57 8A 56 | 	byte	$82, $5a, $f3, $59, $64, $59, $d3, $58, $42, $58, $b0, $57, $1d, $57, $8a, $56
00a94 0e9 F5 55 60 55 
00a98 0ea C9 54 32 54 
00a9c 0eb 9B 53 02 53 
00aa0 0ec 68 52 CE 51 | 	byte	$f5, $55, $60, $55, $c9, $54, $32, $54, $9b, $53, $02, $53, $68, $52, $ce, $51
00aa4 0ed 33 51 97 50 
00aa8 0ee FB 4F 5D 4F 
00aac 0ef BF 4E 20 4E 
00ab0 0f0 81 4D E0 4C | 	byte	$33, $51, $97, $50, $fb, $4f, $5d, $4f, $bf, $4e, $20, $4e, $81, $4d, $e0, $4c
00ab4 0f1 3F 4C 9D 4B 
00ab8 0f2 FB 4A 58 4A 
00abc 0f3 B4 49 0F 49 
00ac0 0f4 69 48 C3 47 | 	byte	$3f, $4c, $9d, $4b, $fb, $4a, $58, $4a, $b4, $49, $0f, $49, $69, $48, $c3, $47
00ac4 0f5 1C 47 75 46 
00ac8 0f6 CD 45 24 45 
00acc 0f7 7A 44 D0 43 
00ad0 0f8 25 43 7A 42 | 	byte	$1c, $47, $75, $46, $cd, $45, $24, $45, $7a, $44, $d0, $43, $25, $43, $7a, $42
00ad4 0f9 CE 41 21 41 
00ad8 0fa 73 40 C5 3F 
00adc 0fb 17 3F 68 3E 
00ae0 0fc B8 3D 07 3D | 	byte	$ce, $41, $21, $41, $73, $40, $c5, $3f, $17, $3f, $68, $3e, $b8, $3d, $07, $3d
00ae4 0fd 56 3C A5 3B 
00ae8 0fe F2 3A 40 3A 
00aec 0ff 8C 39 D9 38 
00af0 100 24 38 6F 37 | 	byte	$56, $3c, $a5, $3b, $f2, $3a, $40, $3a, $8c, $39, $d9, $38, $24, $38, $6f, $37
00af4 101 BA 36 04 36 
00af8 102 4D 35 96 34 
00afc 103 DF 33 26 33 
00b00 104 6E 32 B5 31 | 	byte	$ba, $36, $04, $36, $4d, $35, $96, $34, $df, $33, $26, $33, $6e, $32, $b5, $31
00b04 105 FB 30 41 30 
00b08 106 87 2F CC 2E 
00b0c 107 11 2E 55 2D 
00b10 108 99 2C DC 2B | 	byte	$fb, $30, $41, $30, $87, $2f, $cc, $2e, $11, $2e, $55, $2d, $99, $2c, $dc, $2b
00b14 109 1F 2B 61 2A 
00b18 10a A3 29 E5 28 
00b1c 10b 26 28 67 27 
00b20 10c A8 26 E8 25 | 	byte	$1f, $2b, $61, $2a, $a3, $29, $e5, $28, $26, $28, $67, $27, $a8, $26, $e8, $25
00b24 10d 28 25 67 24 
00b28 10e A6 23 E5 22 
00b2c 10f 23 22 61 21 
00b30 110 9F 20 DD 1F | 	byte	$28, $25, $67, $24, $a6, $23, $e5, $22, $23, $22, $61, $21, $9f, $20, $dd, $1f
00b34 111 1A 1F 57 1E 
00b38 112 93 1D CF 1C 
00b3c 113 0B 1C 47 1B 
00b40 114 82 1A BE 19 | 	byte	$1a, $1f, $57, $1e, $93, $1d, $cf, $1c, $0b, $1c, $47, $1b, $82, $1a, $be, $19
00b44 115 F9 18 33 18 
00b48 116 6E 17 A8 16 
00b4c 117 E2 15 1C 15 
00b50 118 55 14 8F 13 | 	byte	$f9, $18, $33, $18, $6e, $17, $a8, $16, $e2, $15, $1c, $15, $55, $14, $8f, $13
00b54 119 C8 12 01 12 
00b58 11a 3A 11 72 10 
00b5c 11b AB 0F E3 0E 
00b60 11c 1C 0E 54 0D | 	byte	$c8, $12, $01, $12, $3a, $11, $72, $10, $ab, $0f, $e3, $0e, $1c, $0e, $54, $0d
00b64 11d 8C 0C C4 0B 
00b68 11e FB 0A 33 0A 
00b6c 11f 6A 09 A2 08 
00b70 120 D9 07 11 07 | 	byte	$8c, $0c, $c4, $0b, $fb, $0a, $33, $0a, $6a, $09, $a2, $08, $d9, $07, $11, $07
00b74 121 48 06 7F 05 
00b78 122 B6 04 ED 03 
00b7c 123 24 03 5B 02 
00b80 124 92 01 C9 00 | 	byte	$48, $06, $7f, $05, $b6, $04, $ed, $03, $24, $03, $5b, $02, $92, $01, $c9, $00
00b84 125 00 00 37 FF 
00b88 126 6E FE A5 FD 
00b8c 127 DC FC 13 FC 
00b90 128 4A FB 81 FA | 	byte	$00, $00, $37, $ff, $6e, $fe, $a5, $fd, $dc, $fc, $13, $fc, $4a, $fb, $81, $fa
00b94 129 B8 F9 EF F8 
00b98 12a 27 F8 5E F7 
00b9c 12b 96 F6 CD F5 
00ba0 12c 05 F5 3C F4 | 	byte	$b8, $f9, $ef, $f8, $27, $f8, $5e, $f7, $96, $f6, $cd, $f5, $05, $f5, $3c, $f4
00ba4 12d 74 F3 AC F2 
00ba8 12e E4 F1 1D F1 
00bac 12f 55 F0 8E EF 
00bb0 130 C6 EE FF ED | 	byte	$74, $f3, $ac, $f2, $e4, $f1, $1d, $f1, $55, $f0, $8e, $ef, $c6, $ee, $ff, $ed
00bb4 131 38 ED 71 EC 
00bb8 132 AB EB E4 EA 
00bbc 133 1E EA 58 E9 
00bc0 134 92 E8 CD E7 | 	byte	$38, $ed, $71, $ec, $ab, $eb, $e4, $ea, $1e, $ea, $58, $e9, $92, $e8, $cd, $e7
00bc4 135 07 E7 42 E6 
00bc8 136 7E E5 B9 E4 
00bcc 137 F5 E3 31 E3 
00bd0 138 6D E2 A9 E1 | 	byte	$07, $e7, $42, $e6, $7e, $e5, $b9, $e4, $f5, $e3, $31, $e3, $6d, $e2, $a9, $e1
00bd4 139 E6 E0 23 E0 
00bd8 13a 61 DF 9F DE 
00bdc 13b DD DD 1B DD 
00be0 13c 5A DC 99 DB | 	byte	$e6, $e0, $23, $e0, $61, $df, $9f, $de, $dd, $dd, $1b, $dd, $5a, $dc, $99, $db
00be4 13d D8 DA 18 DA 
00be8 13e 58 D9 99 D8 
00bec 13f DA D7 1B D7 
00bf0 140 5D D6 9F D5 | 	byte	$d8, $da, $18, $da, $58, $d9, $99, $d8, $da, $d7, $1b, $d7, $5d, $d6, $9f, $d5
00bf4 141 E1 D4 24 D4 
00bf8 142 67 D3 AB D2 
00bfc 143 EF D1 34 D1 
00c00 144 79 D0 BF CF | 	byte	$e1, $d4, $24, $d4, $67, $d3, $ab, $d2, $ef, $d1, $34, $d1, $79, $d0, $bf, $cf
00c04 145 05 CF 4B CE 
00c08 146 92 CD DA CC 
00c0c 147 21 CC 6A CB 
00c10 148 B3 CA FC C9 | 	byte	$05, $cf, $4b, $ce, $92, $cd, $da, $cc, $21, $cc, $6a, $cb, $b3, $ca, $fc, $c9
00c14 149 46 C9 91 C8 
00c18 14a DC C7 27 C7 
00c1c 14b 74 C6 C0 C5 
00c20 14c 0E C5 5B C4 | 	byte	$46, $c9, $91, $c8, $dc, $c7, $27, $c7, $74, $c6, $c0, $c5, $0e, $c5, $5b, $c4
00c24 14d AA C3 F9 C2 
00c28 14e 48 C2 98 C1 
00c2c 14f E9 C0 3B C0 
00c30 150 8D BF DF BE | 	byte	$aa, $c3, $f9, $c2, $48, $c2, $98, $c1, $e9, $c0, $3b, $c0, $8d, $bf, $df, $be
00c34 151 32 BE 86 BD 
00c38 152 DB BC 30 BC 
00c3c 153 86 BB DC BA 
00c40 154 33 BA 8B B9 | 	byte	$32, $be, $86, $bd, $db, $bc, $30, $bc, $86, $bb, $dc, $ba, $33, $ba, $8b, $b9
00c44 155 E4 B8 3D B8 
00c48 156 97 B7 F1 B6 
00c4c 157 4C B6 A8 B5 
00c50 158 05 B5 63 B4 | 	byte	$e4, $b8, $3d, $b8, $97, $b7, $f1, $b6, $4c, $b6, $a8, $b5, $05, $b5, $63, $b4
00c54 159 C1 B3 20 B3 
00c58 15a 7F B2 E0 B1 
00c5c 15b 41 B1 A3 B0 
00c60 15c 05 B0 69 AF | 	byte	$c1, $b3, $20, $b3, $7f, $b2, $e0, $b1, $41, $b1, $a3, $b0, $05, $b0, $69, $af
00c64 15d CD AE 32 AE 
00c68 15e 98 AD FE AC 
00c6c 15f 65 AC CE AB 
00c70 160 37 AB A0 AA | 	byte	$cd, $ae, $32, $ae, $98, $ad, $fe, $ac, $65, $ac, $ce, $ab, $37, $ab, $a0, $aa
00c74 161 0B AA 76 A9 
00c78 162 E3 A8 50 A8 
00c7c 163 BE A7 2D A7 
00c80 164 9C A6 0D A6 | 	byte	$0b, $aa, $76, $a9, $e3, $a8, $50, $a8, $be, $a7, $2d, $a7, $9c, $a6, $0d, $a6
00c84 165 7E A5 F1 A4 
00c88 166 64 A4 D8 A3 
00c8c 167 4D A3 C2 A2 
00c90 168 39 A2 B1 A1 | 	byte	$7e, $a5, $f1, $a4, $64, $a4, $d8, $a3, $4d, $a3, $c2, $a2, $39, $a2, $b1, $a1
00c94 169 29 A1 A3 A0 
00c98 16a 1D A0 98 9F 
00c9c 16b 15 9F 92 9E 
00ca0 16c 10 9E 8F 9D | 	byte	$29, $a1, $a3, $a0, $1d, $a0, $98, $9f, $15, $9f, $92, $9e, $10, $9e, $8f, $9d
00ca4 16d 0F 9D 90 9C 
00ca8 16e 12 9C 94 9B 
00cac 16f 18 9B 9D 9A 
00cb0 170 23 9A AA 99 | 	byte	$0f, $9d, $90, $9c, $12, $9c, $94, $9b, $18, $9b, $9d, $9a, $23, $9a, $aa, $99
00cb4 171 31 99 BA 98 
00cb8 172 44 98 CE 97 
00cbc 173 5A 97 E7 96 
00cc0 174 75 96 03 96 | 	byte	$31, $99, $ba, $98, $44, $98, $ce, $97, $5a, $97, $e7, $96, $75, $96, $03, $96
00cc4 175 93 95 24 95 
00cc8 176 B6 94 49 94 
00ccc 177 DD 93 72 93 
00cd0 178 08 93 9F 92 | 	byte	$93, $95, $24, $95, $b6, $94, $49, $94, $dd, $93, $72, $93, $08, $93, $9f, $92
00cd4 179 37 92 D0 91 
00cd8 17a 6A 91 05 91 
00cdc 17b A2 90 3F 90 
00ce0 17c DE 8F 7D 8F | 	byte	$37, $92, $d0, $91, $6a, $91, $05, $91, $a2, $90, $3f, $90, $de, $8f, $7d, $8f
00ce4 17d 1E 8F C0 8E 
00ce8 17e 63 8E 07 8E 
00cec 17f AC 8D 52 8D 
00cf0 180 F9 8C A2 8C | 	byte	$1e, $8f, $c0, $8e, $63, $8e, $07, $8e, $ac, $8d, $52, $8d, $f9, $8c, $a2, $8c
00cf4 181 4B 8C F6 8B 
00cf8 182 A1 8B 4E 8B 
00cfc 183 FC 8A AB 8A 
00d00 184 5B 8A 0D 8A | 	byte	$4b, $8c, $f6, $8b, $a1, $8b, $4e, $8b, $fc, $8a, $ab, $8a, $5b, $8a, $0d, $8a
00d04 185 BF 89 73 89 
00d08 186 28 89 DE 88 
00d0c 187 95 88 4D 88 
00d10 188 06 88 C1 87 | 	byte	$bf, $89, $73, $89, $28, $89, $de, $88, $95, $88, $4d, $88, $06, $88, $c1, $87
00d14 189 7C 87 39 87 
00d18 18a F7 86 B6 86 
00d1c 18b 77 86 38 86 
00d20 18c FB 85 BF 85 | 	byte	$7c, $87, $39, $87, $f7, $86, $b6, $86, $77, $86, $38, $86, $fb, $85, $bf, $85
00d24 18d 84 85 4A 85 
00d28 18e 12 85 DA 84 
00d2c 18f A4 84 6F 84 
00d30 190 3B 84 08 84 | 	byte	$84, $85, $4a, $85, $12, $85, $da, $84, $a4, $84, $6f, $84, $3b, $84, $08, $84
00d34 191 D7 83 A7 83 
00d38 192 78 83 4A 83 
00d3c 193 1D 83 F2 82 
00d40 194 C7 82 9E 82 | 	byte	$d7, $83, $a7, $83, $78, $83, $4a, $83, $1d, $83, $f2, $82, $c7, $82, $9e, $82
00d44 195 77 82 50 82 
00d48 196 2B 82 06 82 
00d4c 197 E3 81 C2 81 
00d50 198 A1 81 82 81 | 	byte	$77, $82, $50, $82, $2b, $82, $06, $82, $e3, $81, $c2, $81, $a1, $81, $82, $81
00d54 199 64 81 47 81 
00d58 19a 2B 81 11 81 
00d5c 19b F7 80 DF 80 
00d60 19c C9 80 B3 80 | 	byte	$64, $81, $47, $81, $2b, $81, $11, $81, $f7, $80, $df, $80, $c9, $80, $b3, $80
00d64 19d 9F 80 8C 80 
00d68 19e 7A 80 69 80 
00d6c 19f 5A 80 4C 80 
00d70 1a0 3F 80 33 80 | 	byte	$9f, $80, $8c, $80, $7a, $80, $69, $80, $5a, $80, $4c, $80, $3f, $80, $33, $80
00d74 1a1 28 80 1F 80 
00d78 1a2 17 80 10 80 
00d7c 1a3 0B 80 07 80 
00d80 1a4 03 80 02 80 | 	byte	$28, $80, $1f, $80, $17, $80, $10, $80, $0b, $80, $07, $80, $03, $80, $02, $80
00d84 1a5 01 80 02 80 
00d88 1a6 03 80 07 80 
00d8c 1a7 0B 80 10 80 
00d90 1a8 17 80 1F 80 | 	byte	$01, $80, $02, $80, $03, $80, $07, $80, $0b, $80, $10, $80, $17, $80, $1f, $80
00d94 1a9 28 80 33 80 
00d98 1aa 3F 80 4C 80 
00d9c 1ab 5A 80 69 80 
00da0 1ac 7A 80 8C 80 | 	byte	$28, $80, $33, $80, $3f, $80, $4c, $80, $5a, $80, $69, $80, $7a, $80, $8c, $80
00da4 1ad 9F 80 B3 80 
00da8 1ae C9 80 DF 80 
00dac 1af F7 80 11 81 
00db0 1b0 2B 81 47 81 | 	byte	$9f, $80, $b3, $80, $c9, $80, $df, $80, $f7, $80, $11, $81, $2b, $81, $47, $81
00db4 1b1 64 81 82 81 
00db8 1b2 A1 81 C2 81 
00dbc 1b3 E3 81 06 82 
00dc0 1b4 2B 82 50 82 | 	byte	$64, $81, $82, $81, $a1, $81, $c2, $81, $e3, $81, $06, $82, $2b, $82, $50, $82
00dc4 1b5 77 82 9E 82 
00dc8 1b6 C7 82 F2 82 
00dcc 1b7 1D 83 4A 83 
00dd0 1b8 78 83 A7 83 | 	byte	$77, $82, $9e, $82, $c7, $82, $f2, $82, $1d, $83, $4a, $83, $78, $83, $a7, $83
00dd4 1b9 D7 83 08 84 
00dd8 1ba 3B 84 6F 84 
00ddc 1bb A4 84 DA 84 
00de0 1bc 12 85 4A 85 | 	byte	$d7, $83, $08, $84, $3b, $84, $6f, $84, $a4, $84, $da, $84, $12, $85, $4a, $85
00de4 1bd 84 85 BF 85 
00de8 1be FB 85 38 86 
00dec 1bf 77 86 B6 86 
00df0 1c0 F7 86 39 87 | 	byte	$84, $85, $bf, $85, $fb, $85, $38, $86, $77, $86, $b6, $86, $f7, $86, $39, $87
00df4 1c1 7C 87 C1 87 
00df8 1c2 06 88 4D 88 
00dfc 1c3 95 88 DE 88 
00e00 1c4 28 89 73 89 | 	byte	$7c, $87, $c1, $87, $06, $88, $4d, $88, $95, $88, $de, $88, $28, $89, $73, $89
00e04 1c5 BF 89 0D 8A 
00e08 1c6 5B 8A AB 8A 
00e0c 1c7 FC 8A 4E 8B 
00e10 1c8 A1 8B F6 8B | 	byte	$bf, $89, $0d, $8a, $5b, $8a, $ab, $8a, $fc, $8a, $4e, $8b, $a1, $8b, $f6, $8b
00e14 1c9 4B 8C A2 8C 
00e18 1ca F9 8C 52 8D 
00e1c 1cb AC 8D 07 8E 
00e20 1cc 63 8E C0 8E | 	byte	$4b, $8c, $a2, $8c, $f9, $8c, $52, $8d, $ac, $8d, $07, $8e, $63, $8e, $c0, $8e
00e24 1cd 1E 8F 7D 8F 
00e28 1ce DE 8F 3F 90 
00e2c 1cf A2 90 05 91 
00e30 1d0 6A 91 D0 91 | 	byte	$1e, $8f, $7d, $8f, $de, $8f, $3f, $90, $a2, $90, $05, $91, $6a, $91, $d0, $91
00e34 1d1 37 92 9F 92 
00e38 1d2 08 93 72 93 
00e3c 1d3 DD 93 49 94 
00e40 1d4 B6 94 24 95 | 	byte	$37, $92, $9f, $92, $08, $93, $72, $93, $dd, $93, $49, $94, $b6, $94, $24, $95
00e44 1d5 93 95 03 96 
00e48 1d6 75 96 E7 96 
00e4c 1d7 5A 97 CE 97 
00e50 1d8 44 98 BA 98 | 	byte	$93, $95, $03, $96, $75, $96, $e7, $96, $5a, $97, $ce, $97, $44, $98, $ba, $98
00e54 1d9 31 99 AA 99 
00e58 1da 23 9A 9D 9A 
00e5c 1db 18 9B 94 9B 
00e60 1dc 12 9C 90 9C | 	byte	$31, $99, $aa, $99, $23, $9a, $9d, $9a, $18, $9b, $94, $9b, $12, $9c, $90, $9c
00e64 1dd 0F 9D 8F 9D 
00e68 1de 10 9E 92 9E 
00e6c 1df 15 9F 98 9F 
00e70 1e0 1D A0 A3 A0 | 	byte	$0f, $9d, $8f, $9d, $10, $9e, $92, $9e, $15, $9f, $98, $9f, $1d, $a0, $a3, $a0
00e74 1e1 29 A1 B1 A1 
00e78 1e2 39 A2 C2 A2 
00e7c 1e3 4D A3 D8 A3 
00e80 1e4 64 A4 F1 A4 | 	byte	$29, $a1, $b1, $a1, $39, $a2, $c2, $a2, $4d, $a3, $d8, $a3, $64, $a4, $f1, $a4
00e84 1e5 7E A5 0D A6 
00e88 1e6 9C A6 2D A7 
00e8c 1e7 BE A7 50 A8 
00e90 1e8 E3 A8 76 A9 | 	byte	$7e, $a5, $0d, $a6, $9c, $a6, $2d, $a7, $be, $a7, $50, $a8, $e3, $a8, $76, $a9
00e94 1e9 0B AA A0 AA 
00e98 1ea 37 AB CE AB 
00e9c 1eb 65 AC FE AC 
00ea0 1ec 98 AD 32 AE | 	byte	$0b, $aa, $a0, $aa, $37, $ab, $ce, $ab, $65, $ac, $fe, $ac, $98, $ad, $32, $ae
00ea4 1ed CD AE 69 AF 
00ea8 1ee 05 B0 A3 B0 
00eac 1ef 41 B1 E0 B1 
00eb0 1f0 7F B2 20 B3 | 	byte	$cd, $ae, $69, $af, $05, $b0, $a3, $b0, $41, $b1, $e0, $b1, $7f, $b2, $20, $b3
00eb4 1f1 C1 B3 63 B4 
00eb8 1f2 05 B5 A8 B5 
00ebc 1f3 4C B6 F1 B6 
00ec0 1f4 97 B7 3D B8 | 	byte	$c1, $b3, $63, $b4, $05, $b5, $a8, $b5, $4c, $b6, $f1, $b6, $97, $b7, $3d, $b8
00ec4 1f5 E4 B8 8B B9 
00ec8 1f6 33 BA DC BA 
00ecc 1f7 86 BB 30 BC 
00ed0 1f8 DB BC 86 BD | 	byte	$e4, $b8, $8b, $b9, $33, $ba, $dc, $ba, $86, $bb, $30, $bc, $db, $bc, $86, $bd
00ed4 1f9 32 BE DF BE 
00ed8 1fa 8D BF 3B C0 
00edc 1fb E9 C0 98 C1 
00ee0 1fc 48 C2 F9 C2 | 	byte	$32, $be, $df, $be, $8d, $bf, $3b, $c0, $e9, $c0, $98, $c1, $48, $c2, $f9, $c2
00ee4 1fd AA C3 5B C4 
00ee8 1fe 0E C5 C0 C5 
00eec 1ff 74 C6 27 C7 
00ef0 200 DC C7 91 C8 | 	byte	$aa, $c3, $5b, $c4, $0e, $c5, $c0, $c5, $74, $c6, $27, $c7, $dc, $c7, $91, $c8
00ef4 201 46 C9 FC C9 
00ef8 202 B3 CA 6A CB 
00efc 203 21 CC DA CC 
00f00 204 92 CD 4B CE | 	byte	$46, $c9, $fc, $c9, $b3, $ca, $6a, $cb, $21, $cc, $da, $cc, $92, $cd, $4b, $ce
00f04 205 05 CF BF CF 
00f08 206 79 D0 34 D1 
00f0c 207 EF D1 AB D2 
00f10 208 67 D3 24 D4 | 	byte	$05, $cf, $bf, $cf, $79, $d0, $34, $d1, $ef, $d1, $ab, $d2, $67, $d3, $24, $d4
00f14 209 E1 D4 9F D5 
00f18 20a 5D D6 1B D7 
00f1c 20b DA D7 99 D8 
00f20 20c 58 D9 18 DA | 	byte	$e1, $d4, $9f, $d5, $5d, $d6, $1b, $d7, $da, $d7, $99, $d8, $58, $d9, $18, $da
00f24 20d D8 DA 99 DB 
00f28 20e 5A DC 1B DD 
00f2c 20f DD DD 9F DE 
00f30 210 61 DF 23 E0 | 	byte	$d8, $da, $99, $db, $5a, $dc, $1b, $dd, $dd, $dd, $9f, $de, $61, $df, $23, $e0
00f34 211 E6 E0 A9 E1 
00f38 212 6D E2 31 E3 
00f3c 213 F5 E3 B9 E4 
00f40 214 7E E5 42 E6 | 	byte	$e6, $e0, $a9, $e1, $6d, $e2, $31, $e3, $f5, $e3, $b9, $e4, $7e, $e5, $42, $e6
00f44 215 07 E7 CD E7 
00f48 216 92 E8 58 E9 
00f4c 217 1E EA E4 EA 
00f50 218 AB EB 71 EC | 	byte	$07, $e7, $cd, $e7, $92, $e8, $58, $e9, $1e, $ea, $e4, $ea, $ab, $eb, $71, $ec
00f54 219 38 ED FF ED 
00f58 21a C6 EE 8E EF 
00f5c 21b 55 F0 1D F1 
00f60 21c E4 F1 AC F2 | 	byte	$38, $ed, $ff, $ed, $c6, $ee, $8e, $ef, $55, $f0, $1d, $f1, $e4, $f1, $ac, $f2
00f64 21d 74 F3 3C F4 
00f68 21e 05 F5 CD F5 
00f6c 21f 96 F6 5E F7 
00f70 220 27 F8 EF F8 | 	byte	$74, $f3, $3c, $f4, $05, $f5, $cd, $f5, $96, $f6, $5e, $f7, $27, $f8, $ef, $f8
00f74 221 B8 F9 81 FA 
00f78 222 4A FB 13 FC 
00f7c 223 DC FC A5 FD 
00f80 224 6E FE 37 FF | 	byte	$b8, $f9, $81, $fa, $4a, $fb, $13, $fc, $dc, $fc, $a5, $fd, $6e, $fe, $37, $ff
00f84 225             | objmem
00f84 225 00 00 00 00 | 	long	0[1]
00f88 0b0             | 	org	COG_BSS_START
00f88 0b0             | arg01
00f88 0b0             | 	res	1
00f88 0b1             | arg02
00f88 0b1             | 	res	1
00f88 0b2             | arg03
00f88 0b2             | 	res	1
00f88 0b3             | arg04
00f88 0b3             | 	res	1
00f88 0b4             | 	fit	480
00f88 0b4             | 
