10 ; COUNTDOWN MELODIE
20 ; umgesetzt von
30 ; Christian Nieber 1985
40 ;
50 SPEED 3
60 SET 1,ZACKE,RAINBOW,15,30,20
65 SET 2,ZACKE,RAINBOW,15,30,20
70 SET 3,ZACKE,RAINBOW,15,161,60
80 SET 4,ZACKE,RAINBOW,15,161,60
81 VIB 3,SINUS,1,10
82 VIB 4,SINUS,1,10
85 INT 2,1,1
90 TRON 1
100 TRON 2
110 TRON 3
120 WAIT 4580
130 TROFF 1
140 1,F#-1,100,100
150 ;
160 TRACK 1
170 1,F#-1
180 1,C#
190 1,A
200 1,A-1
210 1,E
220 1,D
230 1,E-1
240 1,F-1
250 ;
260 TRACK 2
270 WAIT 480
280 3,A1
290 3,G#1
300 3,E1,160
310 3,H,40
320 3,C#1,298,300
330 WAIT 20
340 3,A1
350 3,G#1
360 3,E1,160
370 3,H,40
380 3,C#1,120,120
390 WAIT 20
400 3,C#1,20
410 3,H
420 3,E1
430 3,C#1,40
440 3,H
450 3,E1
460 3,G#,40
470 3,F#,298,300
480 WAIT 20
490 ;
500 TRACK 3
510 WAIT 480
520 4,C#1
530 4,H
540 4,G#,160
550 4,E,40
560 4,F#,298,300
570 WAIT 20
580 4,C#1
590 4,H
600 4,G#,160
610 4,E,40
620 4,F#,120,120
630 WAIT 20
640 4,F#,20
650 4,E
660 4,G#
670 4,E,40
680 4,E
690 4,G#
700 4,H-1,40
710 4,A-1,298,300
720 WAIT 20
