1 ? 50: "SCHLECHT KORREKT"/     ËÒÁÆÔ×ÅÒË//÷ðòï÷áäúáì/jakub husak/(C) 1988  <<HUSOFT>>
2 SPEED 2
3 SET 1,LAUTU,DIMX,15,20,24
4 SET 2,RANDOM,PERCUS,3,6,24
5 SET 3,ZACKE,ORGEL1,12,28,24
6 SET 4,ZACKE,ORGEL1,6,96,24
7 INT 4,3,1.2
8 ECHO 4,3,24
9 TRON 1
10 TRON 2
11 WAIT 1536
12 TRON 3
13 WAIT 1536
14 TROFF 1
15 TROFF 3
16 TRON 4
17 TRON 5
18 WAIT 1536
19 TROFF 5
20 TROFF 4
21 TRON 1
22 TRON 6
23 WAIT 1512
24 TROFF 6
25 3,G
26 TRON 7
27 WAIT 1512
28 TROFF 7
29 WAIT 24
30 TROFF 1
31 TRON 4
32 TRON 5
33 WAIT 1536
34 TROFF 4
35 TROFF 5
36 TRON 1
37 TRON 3
38 WAIT 1536
39 TROFF 1
40 TROFF 3
41 TRON 4
42 TRON 5
43 WAIT 1536
44 TROFF 4
45 TROFF 5
46 TRON 1
47 TRON 6
48 WAIT 1512
49 TROFF 6
50 3,G
51 TRON 7
52 WAIT 1512
53 TROFF 7
54 WAIT 24
55 WAIT 1536
56 TRON 3
57 WAIT 1536
58 TROFF 3
59 TROFF 1
60 TRON 4
61 TRON 5
62 WAIT 1536
63 TROFF 4
64 TROFF 5
65 TRON 1
66 TRON 6
67 WAIT 1512
68 TROFF 6
69 3,G
70 TRON 7
71 WAIT 1512
72 TROFF 7
73 WAIT 24
74 TROFF 1
75 TRON 5
76 TRON 4
77 WAIT 1536
78 TROFF 4
79 TROFF 5
80 TRON 1
81 TRON 6
82 WAIT 1512
83 TROFF 6
84 3,G
85 TRON 7
86 WAIT 1512
87 WAIT 24
88 ECHO OFF
89 SET 4,ZACKE2,ORGEL1,5,1638,1512
90 VIB 4,SINUS,1,48
91 4,C1
92 TROFF 7
93 WAIT 24
94 TROFF 1
95 TROFF 2
96 1,C-2,15,96,0
97 WAIT 120
98 TRACK 1
99 1,C-2
100 1,C-2
101 1,C-2
102 1,C-2
103 1,D#-2
104 1,C-2
105 1,D#-2
106 1,C-2
107 1,G-3
108 1,G-3
109 1,G-3
110 1,G-3
111 1,A#-3
112 1,G-3
113 1,A#-3
114 1,A#-3
115 TRACK 2
116 2,C3
117 2,C3
118 2,'14,7,28,24
119 2,C3
120 2,C3
121 2,C3
122 2,'14,7,28,24
123 2,C3
124 2,C3
125 2,C3
126 2,'14,7,28,24
127 2,C3
128 2,C3
129 2,C3
130 2,'14,7,28,24
131 2,'14,7,28,24
132 2,C3
133 2,C3
134 2,'14,7,28,24
135 2,C3
136 2,C3
137 2,C3
138 2,'14,7,28,24
139 2,C3
140 2,C3
141 2,C3
142 2,'14,7,28,24
143 2,C3
144 2,C3
145 2,'14,7,28,24
146 2,C3
147 2,'14,7,28,24
148 2,C3
149 2,C3
150 2,'14,7,28,24
151 2,C3
152 2,C3
153 2,C3
154 2,'14,7,28,24
155 2,C3
156 2,C3
157 2,C3
158 2,'14,7,28,24
159 2,C3
160 2,C3
161 2,C3
162 2,'14,7,28,24
163 2,'14,7,28,24
164 2,C3
165 2,C3
166 2,'14,7,28,24
167 2,C3
168 2,C3
169 2,C3
170 2,'14,7,28,24
171 2,C3
172 2,C3
173 2,C3
174 2,'14,7,28,24
175 2,C3
176 2,C3
177 2,'14,7,28,24
178 2,'14,7,28,24
179 2,'14,7,28,24
180 TRACK 3
181 3,C-1,48
182 3,C-1,48
183 3,C-1
184 3,D#-1
185 3,D-1
186 3,C-1
187 3,D-1,60,72
188 3,A#-2
189 3,G-2,72
190 3,G-1
191 3,C,68,72
192 3,C
193 3,C
194 3,D#
195 3,D
196 3,C
197 3,D,68,72
198 3,A#-1
199 3,G-1,96
200 TRACK 4
201 3,D#-1,193,192
202 3,D-1,167,168
203 3,C-1
204 3,A#-2,349,384
205 3,D#-1,193,192
206 3,D-1,193,192
207 3,G-1,193,192
208 3,H-1,72,72
209 3,C
210 3,D,96,96
211 TRACK 5
212 1,D#-2
213 1,D#-2
214 1,D#-2
215 1,D#-2
216 1,D#-2
217 1,D#-2
218 1,D#-2
219 1,D#-2
220 1,D-2
221 1,D-2
222 1,D-2
223 1,D-2
224 1,D-2
225 1,D-2
226 1,D-2
227 1,C-2
228 1,A#-3
229 1,A#-3
230 1,A#-3
231 1,A#-3
232 1,A#-3
233 1,A#-3
234 1,A#-3
235 1,A#-3
236 1,A#-3
237 1,A#-3
238 1,A#-3
239 1,A#-3
240 1,A#-3
241 1,A#-3
242 1,A#-3
243 1,A#-3
244 1,D#-2
245 1,D#-2
246 1,D#-2
247 1,D#-2
248 1,D#-2
249 1,D#-2
250 1,D#-2
251 1,D#-2
252 1,D-2
253 1,D-2
254 1,D-2
255 1,D-2
256 1,D-2
257 1,D-2
258 1,D-2
259 1,D-2
260 1,G-2
261 1,G-2
262 1,G-2
263 1,G-2
264 1,G-2
265 1,G-2
266 1,G-2
267 1,G-2
268 1,G-2
269 1,G-2
270 1,G-2
271 1,G-2
272 1,G-2
273 1,G-2
274 1,G-2
275 1,G-2
276 TRACK 6
277 3,G
278 3,D#
279 3,C
280 3,D#
281 3,G
282 3,D#
283 3,G
284 3,G#
285 3,G
286 3,D
287 3,A#-1
288 3,D
289 3,G,48,48
290 3,F,48,48
291 3,G
292 3,D#
293 3,C
294 3,D#
295 3,G
296 3,D#
297 3,G
298 3,G#
299 3,G
300 3,D
301 3,A#-1
302 3,D
303 3,G,72,72
304 3,A#
305 TRACK 7
306 3,C1,72,72
307 3,C1
308 3,C1
309 3,D#1
310 3,D1
311 3,C1
312 3,D1,72,72
313 3,A#
314 3,G,72,72
315 3,G-1
316 3,C,72,72
317 3,C
318 3,C
319 3,D#
320 3,D
321 3,C
322 3,D,72,72
323 3,A#-1
324 3,G-1,72,72
325 3,G
