1 ? 50: "WODOSPADEM CZASU"//    скомпоновал/    ЙАКУБ ХУСАК/(C)1988 <<<HUSOFT>>>
2 SPEED 4
3 SET 1,SAEGE,PERCUS,9,7,5
4 SET 2,LAUTE,DIMX,15,341,160
5 SET 3,RANDOM,PERCUS,5,20,10
6 SET 4,SINUS,PERCUS2,15,10,10
7 TRON 3
8 WAIT 320
9 SET 4,BASS1,ORGEL1,15,12,10
10 VIB 2,SINUS,2,9
11 TROFF 3
12 TRON 2
13 TRON 5
14 TRON 1
15 TRON 6
16 WAIT 160
17 VIB 1,SINUS,1,7
18 WAIT 160
19 TROFF 1
20 TRON 7
21 WAIT 160
22 TROFF 7
23 TRON 8
24 WAIT 160
25 TROFF 8
26 TRON 1
27 WAIT 160
28 TROFF 1
29 TRON 9
30 WAIT 160
31 TROFF 9
32 TRON 10
33 WAIT 160
34 TROFF 10
35 TRON 1
36 WAIT 160
37 SET 2,GLOCKE,PERCUS,15,200,10
38 TROFF 5
39 TRON 11
40 WAIT 160
41 TROFF 1
42 TRON 7
43 WAIT 160
44 TROFF 7
45 TRON 10
46 WAIT 80
47 TROFF 10
48 TRON 9
49 WAIT 160
50 TROFF 9
51 TRON 8
52 WAIT 80
53 TROFF 8
54 ;
55 TRON 1
56 WAIT 160
57 TROFF 1
58 TRON 7
59 WAIT 160
60 TROFF 7
61 TRON 10
62 WAIT 80
63 TROFF 10
64 TRON 9
65 WAIT 160
66 TROFF 9
67 TRON 8
68 WAIT 80
69 TROFF 8
70 TROFF 11
71 ;
72 SET 2,HARMON,PERCUS,15,200,10
73 TRON 12
74 TROFF 6
75 TRON 13
76 TROFF 8
77 TRON 7
78 WAIT 160
79 TROFF 7
80 TRON 10
81 WAIT 160
82 TROFF 10
83 TRON 9
84 WAIT 160
85 TROFF 9
86 TRON 1
87 WAIT 160
88 TROFF 1
89 TRON 9
90 WAIT 160
91 TROFF 9
92 TRON 1
93 WAIT 160
94 TROFF 1
95 TRON 8
96 WAIT 320
97 TROFF 12
98 TROFF 13
99 SET 2,ZACKE2,PERCUS,15,200,10
100 TROFF 8
101 TRON 1
102 TRON 6
103 TROFF 5
104 TRON 11
105 WAIT 160
106 TROFF 1
107 TRON 7
108 WAIT 160
109 TROFF 7
110 TRON 10
111 WAIT 80
112 TROFF 10
113 TRON 9
114 WAIT 160
115 TROFF 9
116 TRON 8
117 WAIT 80
118 TROFF 8
119 ;
120 TRON 1
121 WAIT 160
122 TROFF 1
123 TRON 7
124 WAIT 160
125 TROFF 7
126 TRON 10
127 WAIT 80
128 TROFF 10
129 TRON 9
130 WAIT 160
131 TROFF 9
132 TRON 8
133 WAIT 80
134 TROFF 8
135 TROFF 11
136 ;
137 SET 2,SAEGE,PERCUS,15,200,10
138 TRON 12
139 TROFF 6
140 TRON 13
141 TROFF 8
142 TRON 7
143 WAIT 160
144 TROFF 7
145 TRON 10
146 WAIT 160
147 TROFF 10
148 TRON 9
149 WAIT 160
150 TROFF 9
151 TRON 1
152 WAIT 160
153 TROFF 1
154 TRON 9
155 WAIT 160
156 TROFF 9
157 TRON 1
158 WAIT 160
159 TROFF 1
160 TRON 8
161 WAIT 320
162 TROFF 12
163 TROFF 13
164 TROFF 2
165 TRON 2
166 SET 1,SAEGE,ORGEL1,15,200,10
167 SET 2,SAEGE,ORGEL1,15,200,10
168 TROFF 8
169 TRON 14
170 VIB 1 OFF
171 INT 2,1,0.3
172 WAIT 1920
173 SET 1,SAEGE,PERCUS,9,7,5
174 TROFF 14
175 SET 2,GLOCKE,PERCUS,15,200,10
176 TRON 12
177 TROFF 6
178 TRON 13
179 TROFF 8
180 TRON 7
181 WAIT 160
182 TROFF 7
183 TRON 10
184 WAIT 160
185 TROFF 10
186 TRON 9
187 WAIT 160
188 TROFF 9
189 TRON 1
190 WAIT 160
191 TROFF 1
192 TRON 9
193 WAIT 160
194 TROFF 9
195 TRON 1
196 WAIT 160
197 TROFF 1
198 TRON 8
199 WAIT 320
200 TROFF 12
201 TROFF 13
202 TROFF 8
203 TRON 1
204 SET 1,SAEGE,PERCUS,15,50,10
205 SET 2,SAEGE,PERCUS,15,50,10
206 TRON 15
207 WAIT 160
208 TROFF 1
209 TRON 7
210 WAIT 160
211 TROFF 7
212 TRON 10
213 WAIT 80
214 TROFF 10
215 TRON 9
216 WAIT 160
217 TROFF 9
218 TRON 8
219 WAIT 80
220 TROFF 8
221 TRON 1
222 WAIT 160
223 TROFF 1
224 TRON 7
225 WAIT 160
226 TROFF 7
227 TRON 10
228 WAIT 80
229 TROFF 10
230 TRON 9
231 WAIT 160
232 TROFF 9
233 TRON 8
234 WAIT 80
235 TROFF 8
236 SET 1,GEIGE,PERCUS,15,50,10
237 SET 2,GEIGE,PERCUS,15,50,10
238 TRON 1
239 WAIT 160
240 TROFF 1
241 TRON 7
242 WAIT 160
243 TROFF 7
244 TRON 10
245 WAIT 80
246 TROFF 10
247 TRON 9
248 WAIT 160
249 TROFF 9
250 TRON 8
251 WAIT 80
252 TROFF 8
253 TRON 1
254 WAIT 160
255 TROFF 1
256 TRON 7
257 WAIT 160
258 TROFF 7
259 TRON 10
260 WAIT 80
261 TROFF 10
262 TRON 9
263 WAIT 160
264 TROFF 9
265 TRON 8
266 WAIT 80
267 TROFF 8
268 TRON 1
269 SET 1,GEIGE,PERCUS,14,50,10
270 SET 2,GEIGE,PERCUS,14,50,10
271 WAIT 40
272 SET 1,GEIGE,PERCUS,13,50,10
273 SET 2,GEIGE,PERCUS,13,50,10
274 WAIT 40
275 SET 1,GEIGE,PERCUS,12,50,10
276 SET 2,GEIGE,PERCUS,12,50,10
277 WAIT 40
278 SET 1,GEIGE,PERCUS,11,50,10
279 SET 2,GEIGE,PERCUS,11,50,10
280 WAIT 40
281 TROFF 1
282 TRON 7
283 SET 1,GEIGE,PERCUS,10,50,10
284 SET 2,GEIGE,PERCUS,10,50,10
285 WAIT 40
286 SET 1,GEIGE,PERCUS,9,50,10
287 SET 2,GEIGE,PERCUS,9,50,10
288 WAIT 40
289 SET 1,GEIGE,PERCUS,8,50,10
290 SET 2,GEIGE,PERCUS,8,50,10
291 WAIT 40
292 SET 1,GEIGE,PERCUS,7,50,10
293 SET 2,GEIGE,PERCUS,7,50,10
294 WAIT 40
295 TROFF 7
296 TRON 10
297 SET 1,GEIGE,PERCUS,6,50,10
298 SET 2,GEIGE,PERCUS,6,50,10
299 WAIT 40
300 SET 1,GEIGE,PERCUS,5,50,10
301 SET 2,GEIGE,PERCUS,5,50,10
302 WAIT 40
303 TROFF 10
304 TRON 9
305 SET 1,GEIGE,PERCUS,4,50,10
306 SET 2,GEIGE,PERCUS,4,50,10
307 WAIT 40
308 SET 1,GEIGE,PERCUS,3,50,10
309 SET 2,GEIGE,PERCUS,3,50,10
310 WAIT 40
311 SET 1,GEIGE,PERCUS,2,50,10
312 SET 2,GEIGE,PERCUS,2,50,10
313 WAIT 40
314 SET 1,GEIGE,PERCUS,1,50,10
315 SET 2,GEIGE,PERCUS,1,50,10
316 WAIT 40
317 TROFF 9
318 TRON 8
319 SET 1,GEIGE,PERCUS,1,50,10
320 SET 2,GEIGE,PERCUS,1,50,10
321 WAIT 40
322 SET 1,GEIGE,PERCUS,1,50,10
323 SET 2,GEIGE,PERCUS,1,50,10
324 WAIT 40
325 SET 1,GEIGE,PERCUS,0,50,10
326 SET 2,GEIGE,PERCUS,0,50,10
327 TROFF 8
328 TRON 1
329 WAIT 160
330 TROFF 1
331 TRON 7
332 WAIT 160
333 TROFF 7
334 TRON 10
335 WAIT 80
336 TROFF 10
337 TRON 9
338 WAIT 160
339 TROFF 9
340 TRON 8
341 WAIT 80
342 TROFF 8
343 TROFF 2
344 TROFF 15
345 SET 1,SAEGE,DIMX,7,150,0
346 SET 2,SAEGE,DIMX,8,150,0
347 SET 3,SAEGE,DIMX,8,150,0
348 SET 4,SAEGE,DIMX,8,150,80
349 VIB 3,SINUS,1,9
350 VIB 4,SINUS,1,9
351 VIB 1,SINUS,1,9
352 VIB 2,SINUS,1,9
353 1,A-1
354 2,A
355 3,C1
356 4,E1
357 1,C-1
358 2,G
359 3,C1
360 4,E1
361 1,G-1
362 2,G
363 3,H
364 4,D1,40
365 1,E-1
366 2,G
367 3,H
368 4,E1,40
369 1,A-1
370 2,A
371 3,C#1
372 4,E1,160
373 TRACK 1
374 4,A-3
375 4,A-2,20
376 4,A-2,5
377 4,E-1,5
378 4,A-3
379 4,A-2,20
380 4,C-1,5
381 4,E-2,5
382 TRACK 11
383 2,E
384 2,C
385 2,A-1
386 2,E,40
387 2,A-1
388 2,E,20
389 2,F,20
390 2,G,20
391 2,A,20
392 2,G,70
393 2,C
394 2,G,20
395 2,F,20
396 2,E,20
397 2,C,20
398 2,D,20
399 2,E
400 2,D,40
401 2,E
402 2,F,20
403 2,G
404 2,F,30
405 2,G,20
406 2,A,60
407 2,H,20
408 2,E,80
409 TRACK 4
410 1,A,5,1024,160
411 TRACK 5
412 2,E-1,320
413 2,G-1,160
414 2,H-1,160
415 2,E-1,160
416 2,C-1,160
417 2,H-2,160
418 2,A-2,160
419 TRACK 6
420 1,A
421 1,E1
422 1,A1
423 1,E1
424 1,F1
425 1,D1
426 1,A1
427 1,D1
428 1,A
429 1,E1
430 1,A1
431 1,E1
432 1,D1
433 1,A1
434 1,E3,10,>E-3,6
435 TRACK 13
436 1,C1
437 1,E1
438 1,C2
439 1,E1
440 1,F1
441 1,D1
442 1,C2
443 1,F1
444 1,C1
445 1,E1
446 1,C2
447 1,E1
448 1,D1
449 1,F1
450 1,D3,10,>E-3,6
451 TRACK 7
452 4,C-2
453 4,C-1,20
454 4,C-1,5
455 4,G-1,5
456 4,C-2
457 4,C-1,20
458 4,E-1,5
459 4,G-2,5
460 TRACK 8
461 4,E-2
462 4,E-1,20
463 4,E-1,5
464 4,H-1,5
465 4,E-2
466 4,E-1,20
467 4,G-1,5
468 4,H-2,5
469 TRACK 9
470 4,F-3
471 4,F-2,20
472 4,F-2,5
473 4,C-1,5
474 4,F-3
475 4,F-2,20
476 4,C-1,5
477 4,C-2,5
478 TRACK 10
479 4,G-3
480 4,G-2,20
481 4,G-2,5
482 4,D-1,5
483 4,G-3
484 4,G-2,20
485 4,D-1,5
486 4,D-2,5
487 TRACK 12
488 2,G,80
489 2,G,20
490 2,F,20
491 2,E,20
492 2,F
493 2,G,170
494 2,F,80
495 2,C1,20
496 2,H,20
497 2,A,20
498 2,C1
499 2,E,170
500 2,C1,80
501 2,C1,20
502 2,H,20
503 2,C1,20
504 2,D1,20
505 2,C1,30
506 2,A,30
507 2,E,40
508 2,A,20
509 2,C1,20
510 2,A
511 2,H,40
512 2,G,30
513 2,E,60
514 2,C1,20
515 2,E,10
516 2,H,170
517 TRACK 14
518 1,A-3,160
519 1,C-2,140
520 1,H-3
521 1,A-3
522 1,G-3,140
523 1,E-3
524 1,C-3
525 1,A-4,140
526 1,E-3,20
527 1,A-3,160
528 1,C-2,140
529 1,E-2,20
530 1,D-2,120
531 1,C-2,20
532 1,H-3,20
533 1,A-3,160
534 1,A-3
535 1,A-3
536 1,A-2
537 1,A-3
538 1,G-2
539 1,A-3
540 1,G-2
541 1,A-2
542 1,A-3
543 1,A-2
544 1,E-2
545 1,A-2
546 1,C-2
547 1,D-2
548 1,G-3
549 1,G-2
550 1,A-3
551 1,A-3
552 1,A-2
553 1,A-3
554 1,G-2
555 1,A-3
556 1,G-2
557 1,A-2
558 1,A-3
559 1,A-2
560 1,E-2
561 1,A-2
562 1,C-2
563 1,D-2
564 1,G-3
565 1,G-2
566 1,A-3
567 1,A-3
568 1,A-2
569 1,A-3
570 1,G-2
571 1,A-3
572 1,G-2
573 1,A-2
574 1,A-3
575 1,A-2
576 1,E-2
577 1,A-2
578 1,C-2
579 1,D-2
580 1,G-3
581 1,G-2
582 1,A-3
583 1,A-2
584 1,E-3
585 1,E-2
586 1,F-3
587 1,F-2
588 1,G-3
589 1,G-2
590 1,C-2
591 1,C-1
592 1,H-3
593 1,H-2
594 1,G-3
595 1,G-2
596 1,E-2
597 1,E-1
598 TRACK 15
599 1,A
600 2,C1
601 1,E1
602 2,A1
603 1,C1
604 2,E1
605 1,A1
606 2,C2
607 1,E2
608 2,C2
609 1,A1
610 2,E1
611 1,C1
612 2,A
613 1,E
614 2,A
615 1,G
616 2,C1
617 1,E1
618 2,G1
619 1,C1
620 2,E1
621 1,G1
622 2,C2
623 1,E1
624 2,G1
625 1,C2
626 2,E2
627 1,G1
628 2,C2
629 1,E2
630 2,G2
631 1,G
632 2,H
633 1,D1
634 2,G1
635 1,H
636 2,D1
637 1,G1
638 2,H
639 1,C2
640 2,F1
641 1,A1
642 2,C1
643 1,F1
644 2,F
645 1,A
646 2,C
647 1,F
648 2,A
649 1,C1
650 2,F1
651 1,F
652 2,A
653 1,C1
654 2,F1
655 1,G#1
656 2,H
657 1,E1
658 2,G#
659 1,H
660 2,E
661 1,G#
662 2,H-1
663 TRACK 3
664 SET 3,BEBEN,ORGEL1,15,5,5
665 3,'12.3,10
666 3,'12.3,10
667 SET 3,RANDOM,PERCUS,5,20,10
668 4,G-1,0,>C-3,20,20
669 3,'500,20,>'200.1,20,20
670 SET 3,BEBEN,ORGEL1,15,5,5
671 3,'12.3,10
672 3,'12.3,10
673 SET 3,RANDOM,PERCUS,5,20,10
674 4,G-1,0,>C-3,20,20
675 3,'500,10,>'200.1,20,20
676 4,C-1,0,>F-4,20,20
677 3,'500,10,>'200.1,20,20
678 SET 3,BEBEN,ORGEL1,15,5,5
679 3,'12.3,10
680 3,'12.3,10
681 SET 3,RANDOM,PERCUS,5,20,10
682 4,G-1,0,>C-3,20,20
683 3,'500,20,>'200.1,20,20
684 SET 3,BEBEN,ORGEL1,15,5,5
685 3,'12.3,10
686 SET 3,RANDOM,PERCUS,5,20,10
687 4,G-1,0,>C-3,20,20
688 3,'500,10,>'200.1,20,20
689 4,G-1,0,>C-3,20,20
690 3,'500,10,>'200.1,20,20
691 4,C-1,0,>F-4,20,20
692 3,'500,5,>'200.1,20,20
693 4,C-1,0,>F-4,40,20
694 3,'500,5,>'200.1,20,20
695 ;
696 SET 3,BEBEN,ORGEL1,15,5,5
697 3,'12.3,10
698 3,'12.3,10
699 SET 3,RANDOM,PERCUS,5,20,10
700 4,G-1,0,>C-3,20,20
701 3,'500,20,>'200.1,20,20
702 SET 3,BEBEN,ORGEL1,15,5,5
703 3,'12.3,10
704 SET 3,RANDOM,PERCUS,5,20,10
705 4,G-1,0,>C-3,20,20
706 3,'500,5,>'200.1,20,20
707 4,G-1,0,>C-3,20,20
708 3,'500,5,>'200.1,20,20
709 4,C-1,0,>F-4,20,20
710 3,'500,10,>'200.1,20,20
711 4,C-1,0,>F-4,20,20
712 3,'500,10,>'200.1,20,20
713 SET 3,BEBEN,ORGEL1,15,5,5
714 3,'12.3,10
715 3,'12.3,10
716 SET 3,RANDOM,PERCUS,5,20,10
717 4,G-1,0,>C-3,20,20
718 3,'500,10,>'200.1,20,20
719 4,G-1,0,>C-3,20,20
720 3,'500,5,>'200.1,20,20
721 4,G-1,0,>C-3,20,20
722 3,'500,5,>'200.1,20,20
723 4,C-1,0,>F-4,20,20
724 3,'500,10,>'200.1,20,20
725 4,C-1,0,>F-4,20,20
726 3,'500,10,>'200.1,20,20
727 4,G-2,0,>D-4,20,20
728 3,'500,10,>'200.1,20,20
729 4,G-2,0,>D-4,20,20
730 3,'500,5,>'200.1,20,20
731 4,G-2,0,>D-4,40,20
732 3,'500,5,>'200.1,20,20
733 ;
734 TRACK 2
735 SET 3,BEBEN,ORGEL1,15,4,5
736 3,'14.3,10
737 3,'14.3,10
738 SET 3,RANDOM,PERCUS,5,20,10
739 SET 4,SINUS,PERCUS2,15,10,10
740 4,G-1,0,>C-3,10,10
741 SET 4,BASS1,ORGEL1,15,12,10
742 3,'500,10,>'200.1,20,20
743 SET 3,BEBEN,ORGEL1,15,4,5
744 3,'14.3,20
745 3,'14.3,10
746 SET 3,RANDOM,PERCUS,5,20,10
747 SET 4,SINUS,PERCUS2,15,10,10
748 4,G-1,0,>C-3,10,10
749 SET 4,BASS1,ORGEL1,15,12,10
750 3,'500,10,>'200.1,20,20
751 SET 3,BEBEN,ORGEL1,15,4,5
752 WAIT 10
753 SET 3,RANDOM,PERCUS,5,20,10
